<?xml version="1.0" encoding="UTF-8"?>
<!-- Generated by org.testng.reporters.JUnitReportReporter -->
<testsuite hostname="Nischal" failures="0" tests="1" name="com.team_d.testclass.VerifyAddStakeHolderBtnTest" time="0.063" errors="0" timestamp="2021-11-16T17:43:24 IST" skipped="0">
  <testcase classname="com.team_d.testclass.VerifyAddStakeHolderBtnTest" name="verifyBtnAvailability" time="0.063"/>
  <system-out/>
</testsuite> <!-- com.team_d.testclass.VerifyAddStakeHolderBtnTest -->
