<?xml version="1.0" encoding="UTF-8"?>
<!-- Generated by org.testng.reporters.JUnitReportReporter -->
<testsuite hostname="Nischal" failures="0" tests="7" name="com.team_d.testclass.StakeholderTest" time="41.240" errors="0" timestamp="2021-11-17T16:23:21 IST" skipped="0">
  <testcase classname="com.team_d.testclass.StakeholderTest" name="add_null_test" time="5.301"/>
  <system-out/>
  <testcase classname="com.team_d.testclass.StakeholderTest" name="valid_stakeholder_test" time="11.057"/>
  <system-out/>
  <testcase classname="com.team_d.testclass.StakeholderTest" name="select_stakeholder_test" time="3.073"/>
  <system-out/>
  <testcase classname="com.team_d.testclass.StakeholderTest" name="title_stakeholder_test" time="6.255"/>
  <system-out/>
  <testcase classname="com.team_d.testclass.StakeholderTest" name="verify_btn_test" time="0.068"/>
  <system-out/>
  <testcase classname="com.team_d.testclass.StakeholderTest" name="click_radiobtn_test" time="2.329"/>
  <system-out/>
  <testcase classname="com.team_d.testclass.StakeholderTest" name="add_invalid_stkldr_test" time="13.157"/>
  <system-out/>
</testsuite> <!-- com.team_d.testclass.StakeholderTest -->
