<?xml version="1.0" encoding="UTF-8"?>
<!-- Generated by org.testng.reporters.JUnitReportReporter -->
<testsuite hostname="Nischal" failures="0" tests="1" name="com.team_d.testclass.VerifyHeaderTest_1" time="5.373" errors="0" timestamp="2021-11-18T18:00:32 IST" skipped="0">
  <testcase classname="com.team_d.testclass.VerifyHeaderTest_1" name="verify" time="5.373"/>
  <system-out/>
</testsuite> <!-- com.team_d.testclass.VerifyHeaderTest_1 -->
