<?xml version="1.0" encoding="UTF-8"?>
<!-- Generated by org.testng.reporters.JUnitReportReporter -->
<<<<<<< HEAD
<testsuite hostname="Nischal" failures="0" tests="1" name="com.team_d.testclass.VerifyTitle" time="0.056" errors="0" timestamp="2021-11-16T15:47:01 IST" skipped="0">
  <testcase classname="com.team_d.testclass.VerifyTitle" name="verifyTitle" time="0.056"/>
=======
<testsuite hostname="LIN51016079" failures="0" tests="1" name="com.team_d.testclass.VerifyTitle" time="0.010" errors="0" timestamp="2021-11-16T17:31:45 IST" skipped="0">
  <testcase classname="com.team_d.testclass.VerifyTitle" name="verifyTitle" time="0.010"/>
>>>>>>> 6640e6da71573622396378a35dd5a7a36fb08271
  <system-out/>
</testsuite> <!-- com.team_d.testclass.VerifyTitle -->
